<?xml version="1.0" encoding="UTF-8"?>
<!-- Generated by org.testng.reporters.JUnitReportReporter -->
<testsuite hostname="ET-C02WQ0PUG8WN.local" failures="0" tests="1" name="com.qa.tests.PostAPITest" time="1.176" errors="0" timestamp="2020-03-09T00:56:52 IST" skipped="0">
  <testcase classname="com.qa.tests.PostAPITest" name="postAPITest" time="1.176"/>
  <system-out/>
</testsuite> <!-- com.qa.tests.PostAPITest -->
