<?xml version="1.0" encoding="UTF-8"?>
<!-- Generated by org.testng.reporters.JUnitReportReporter -->
<testsuite hostname="ET-C02WQ0PUG8WN.local" failures="0" tests="1" name="com.qa.tests.getAPITest" time="0.600" errors="0" timestamp="2020-03-08T12:50:23 IST" skipped="0">
  <testcase classname="com.qa.tests.getAPITest" name="getTest" time="0.600"/>
  <system-out/>
</testsuite> <!-- com.qa.tests.getAPITest -->
